Application/build/outputs/logs/manifest-merger-debug-report.txt
-- Merging decision tree log ---
manifest
ADDED from AndroidManifest.xml:18:1
	package
		ADDED from AndroidManifest.xml:20:5
	android:versionName
		INJECTED from AndroidManifest.xml:0:0
		INJECTED from AndroidManifest.xml:0:0
	xmlns:tools
		ADDED from AndroidManifest.xml:19:5
	xmlns:android
		ADDED from AndroidManifest.xml:18:11
	android:versionCode
		INJECTED from AndroidManifest.xml:0:0
		INJECTED from AndroidManifest.xml:0:0
uses-permission#android.permission.INTERNET
ADDED from AndroidManifest.xml:22:5
MERGED from com.google.android.gms:play-services-maps:8.4.0:21:5
MERGED from com.google.android.gms:play-services-maps:8.4.0:21:5
	android:name
		ADDED from AndroidManifest.xml:22:22
uses-permission#android.permission.ACCESS_FINE_LOCATION
ADDED from AndroidManifest.xml:23:5
	android:name
		ADDED from AndroidManifest.xml:23:22
uses-permission#android.permission.WAKE_LOCK
ADDED from AndroidManifest.xml:24:5
	android:name
		ADDED from AndroidManifest.xml:24:22
uses-permission#android.permission.READ_EXTERNAL_STORAGE
ADDED from AndroidManifest.xml:25:5
	tools:node
		ADDED from AndroidManifest.xml:25:78
	android:name
		ADDED from AndroidManifest.xml:25:22
uses-permission#android.permission.WRITE_EXTERNAL_STORAGE
ADDED from AndroidManifest.xml:26:5
	tools:node
		ADDED from AndroidManifest.xml:26:79
	android:name
		ADDED from AndroidManifest.xml:26:22
application
ADDED from AndroidManifest.xml:28:5
MERGED from com.google.android.gms:play-services-location:8.4.0:19:5
MERGED from com.google.android.gms:play-services-basement:8.4.0:20:5
MERGED from com.android.support:support-v4:23.1.1:22:5
MERGED from com.google.android.gms:play-services-maps:8.4.0:27:5
MERGED from com.google.android.gms:play-services-basement:8.4.0:20:5
MERGED from com.android.support:support-v4:23.1.1:22:5
MERGED from com.google.maps.android:android-maps-utils:0.3.4:7:5
MERGED from com.android.support:appcompat-v7:23.0.0:22:5
MERGED from com.android.support:support-v4:23.1.1:22:5
MERGED from com.android.support:support-v4:23.1.1:22:5
MERGED from com.android.support:design:23.0.0:22:5
MERGED from com.android.support:appcompat-v7:23.0.0:22:5
MERGED from com.android.support:support-v4:23.1.1:22:5
MERGED from com.android.support:support-v4:23.1.1:22:5
MERGED from com.google.android.gms:play-services-wearable:8.4.0:19:5
MERGED from com.google.android.gms:play-services-basement:8.4.0:20:5
MERGED from com.android.support:support-v4:23.1.1:22:5
MERGED from com.android.support:support-v13:23.1.1:22:5
MERGED from com.android.support:support-v4:23.1.1:22:5
MERGED from XYZTouristAttractions:Shared:unspecified:24:5
MERGED from com.android.support:support-v13:23.1.1:22:5
MERGED from com.android.support:support-v4:23.1.1:22:5
MERGED from com.google.android.gms:play-services-wearable:8.4.0:19:5
MERGED from com.google.android.gms:play-services-basement:8.4.0:20:5
MERGED from com.android.support:support-v4:23.1.1:22:5
MERGED from com.google.android.gms:play-services-location:8.4.0:19:5
MERGED from com.google.android.gms:play-services-basement:8.4.0:20:5
MERGED from com.android.support:support-v4:23.1.1:22:5
MERGED from com.google.android.gms:play-services-maps:8.4.0:27:5
MERGED from com.google.android.gms:play-services-basement:8.4.0:20:5
MERGED from com.android.support:support-v4:23.1.1:22:5
MERGED from com.google.maps.android:android-maps-utils:0.3.4:7:5
	android:label
		ADDED from AndroidManifest.xml:31:9
	android:fullBackupContent
		ADDED from AndroidManifest.xml:33:9
	android:allowBackup
		ADDED from AndroidManifest.xml:29:9
	android:icon
		ADDED from AndroidManifest.xml:30:9
	android:theme
		ADDED from AndroidManifest.xml:32:9
activity#com.example.android.xyztouristattractions.ui.AttractionListActivity
ADDED from AndroidManifest.xml:35:9
	android:label
		ADDED from AndroidManifest.xml:37:13
	android:name
		ADDED from AndroidManifest.xml:36:13
intent-filter#android.intent.action.MAIN+android.intent.category.LAUNCHER
ADDED from AndroidManifest.xml:39:13
action#android.intent.action.MAIN
ADDED from AndroidManifest.xml:40:17
	android:name
		ADDED from AndroidManifest.xml:40:25
category#android.intent.category.LAUNCHER
ADDED from AndroidManifest.xml:41:17
	android:name
		ADDED from AndroidManifest.xml:41:27
activity#com.example.android.xyztouristattractions.ui.DetailActivity
ADDED from AndroidManifest.xml:46:9
	android:label
		ADDED from AndroidManifest.xml:48:13
	android:parentActivityName
		ADDED from AndroidManifest.xml:50:13
	android:theme
		ADDED from AndroidManifest.xml:49:13
	android:name
		ADDED from AndroidManifest.xml:47:13
receiver#com.example.android.xyztouristattractions.service.UtilityReceiver
ADDED from AndroidManifest.xml:52:9
	android:name
		ADDED from AndroidManifest.xml:52:19
service#com.example.android.xyztouristattractions.service.UtilityService
ADDED from AndroidManifest.xml:54:9
	android:name
		ADDED from AndroidManifest.xml:54:18
service#com.example.android.xyztouristattractions.service.ListenerService
ADDED from AndroidManifest.xml:56:9
	android:name
		ADDED from AndroidManifest.xml:56:18
intent-filter#com.google.android.gms.wearable.BIND_LISTENER
ADDED from AndroidManifest.xml:57:13
action#com.google.android.gms.wearable.BIND_LISTENER
ADDED from AndroidManifest.xml:58:17
	android:name
		ADDED from AndroidManifest.xml:58:25
meta-data#com.google.android.gms.version
ADDED from AndroidManifest.xml:62:9
MERGED from com.google.android.gms:play-services-basement:8.4.0:21:9
MERGED from com.google.android.gms:play-services-basement:8.4.0:21:9
MERGED from com.google.android.gms:play-services-basement:8.4.0:21:9
MERGED from com.google.android.gms:play-services-basement:8.4.0:21:9
MERGED from com.google.android.gms:play-services-basement:8.4.0:21:9
MERGED from com.google.android.gms:play-services-basement:8.4.0:21:9
	android:value
		ADDED from AndroidManifest.xml:63:13
	android:name
		ADDED from AndroidManifest.xml:62:20
meta-data#com.example.android.xyztouristattractions.config.GlideConfiguration
ADDED from AndroidManifest.xml:65:9
	android:value
		ADDED from AndroidManifest.xml:67:13
	android:name
		ADDED from AndroidManifest.xml:66:13
uses-sdk
INJECTED from AndroidManifest.xml:0:0 reason: use-sdk injection requested
MERGED from com.google.android.gms:play-services-location:8.4.0:18:5
MERGED from com.google.android.gms:play-services-base:8.4.0:18:5
MERGED from com.google.android.gms:play-services-basement:8.4.0:18:5
MERGED from com.android.support:support-v4:23.1.1:20:5
MERGED from com.google.android.gms:play-services-maps:8.4.0:26:5
MERGED from com.google.android.gms:play-services-base:8.4.0:18:5
MERGED from com.google.android.gms:play-services-basement:8.4.0:18:5
MERGED from com.android.support:support-v4:23.1.1:20:5
MERGED from com.google.maps.android:android-maps-utils:0.3.4:5:5
MERGED from com.android.support:appcompat-v7:23.0.0:20:5
MERGED from com.android.support:support-v4:23.1.1:20:5
MERGED from com.android.support:recyclerview-v7:23.0.0:20:5
MERGED from com.android.support:support-v4:23.1.1:20:5
MERGED from com.android.support:design:23.0.0:20:5
MERGED from com.android.support:appcompat-v7:23.0.0:20:5
MERGED from com.android.support:support-v4:23.1.1:20:5
MERGED from com.android.support:support-v4:23.1.1:20:5
MERGED from com.google.android.gms:play-services-wearable:8.4.0:18:5
MERGED from com.google.android.gms:play-services-base:8.4.0:18:5
MERGED from com.google.android.gms:play-services-basement:8.4.0:18:5
MERGED from com.android.support:support-v4:23.1.1:20:5
MERGED from com.android.support:support-v13:23.1.1:20:5
MERGED from com.android.support:support-v4:23.1.1:20:5
MERGED from XYZTouristAttractions:Shared:unspecified:20:5
MERGED from com.android.support:support-v13:23.1.1:20:5
MERGED from com.android.support:support-v4:23.1.1:20:5
MERGED from com.google.android.gms:play-services-wearable:8.4.0:18:5
MERGED from com.google.android.gms:play-services-base:8.4.0:18:5
MERGED from com.google.android.gms:play-services-basement:8.4.0:18:5
MERGED from com.android.support:support-v4:23.1.1:20:5
MERGED from com.google.android.gms:play-services-location:8.4.0:18:5
MERGED from com.google.android.gms:play-services-base:8.4.0:18:5
MERGED from com.google.android.gms:play-services-basement:8.4.0:18:5
MERGED from com.android.support:support-v4:23.1.1:20:5
MERGED from com.google.android.gms:play-services-maps:8.4.0:26:5
MERGED from com.google.android.gms:play-services-base:8.4.0:18:5
MERGED from com.google.android.gms:play-services-basement:8.4.0:18:5
MERGED from com.android.support:support-v4:23.1.1:20:5
MERGED from com.google.maps.android:android-maps-utils:0.3.4:5:5
	android:targetSdkVersion
		INJECTED from AndroidManifest.xml:0:0
		INJECTED from AndroidManifest.xml:0:0
	android:minSdkVersion
		INJECTED from AndroidManifest.xml:0:0
		INJECTED from AndroidManifest.xml:0:0
uses-permission#android.permission.ACCESS_NETWORK_STATE
ADDED from com.google.android.gms:play-services-maps:8.4.0:20:5
MERGED from com.google.android.gms:play-services-maps:8.4.0:20:5
	android:name
		ADDED from com.google.android.gms:play-services-maps:8.4.0:20:22
uses-feature#0x00020000
ADDED from com.google.android.gms:play-services-maps:8.4.0:22:5
MERGED from com.google.android.gms:play-services-maps:8.4.0:22:5
	android:glEsVersion
		ADDED from com.google.android.gms:play-services-maps:8.4.0:23:8
	android:required
		ADDED from com.google.android.gms:play-services-maps:8.4.0:24:8